[    0.000000] Initializing cgroup subsys cpuset
[    0.000000] Initializing cgroup subsys cpu
[    0.000000] Initializing cgroup subsys cpuacct
[    0.000000] Linux version 4.4.0-146-generic (buildd@lcy01-amd64-025) (gcc version 5.4.0 20160609 (Ubuntu 5.4.0-6ubuntu1~16.04.10) ) #172-Ubuntu SMP Wed Apr 3 09:00:08 UTC 2019 (Ubuntu 4.4.0-146.172-generic 4.4.177)
[    0.000000] Command line: BOOT_IMAGE=/boot/vmlinuz-4.4.0-146-generic root=LABEL=cloudimg-rootfs ro console=tty1 console=ttyS0
[    0.000000] KERNEL supported cpus:
[    0.000000]   Intel GenuineIntel
[    0.000000]   AMD AuthenticAMD
[    0.000000]   Centaur CentaurHauls
[    0.000000] x86/fpu: xstate_offset[2]:  576, xstate_sizes[2]:  256
[    0.000000] x86/fpu: Supporting XSAVE feature 0x01: 'x87 floating point registers'
[    0.000000] x86/fpu: Supporting XSAVE feature 0x02: 'SSE registers'
[    0.000000] x86/fpu: Supporting XSAVE feature 0x04: 'AVX registers'
[    0.000000] x86/fpu: Enabled xstate features 0x7, context size is 832 bytes, using 'standard' format.
[    0.000000] e820: BIOS-provided physical RAM map:
[    0.000000] BIOS-e820: [mem 0x0000000000000000-0x000000000009fbff] usable
[    0.000000] BIOS-e820: [mem 0x000000000009fc00-0x000000000009ffff] reserved
[    0.000000] BIOS-e820: [mem 0x00000000000f0000-0x00000000000fffff] reserved
[    0.000000] BIOS-e820: [mem 0x0000000000100000-0x000000003ffeffff] usable
[    0.000000] BIOS-e820: [mem 0x000000003fff0000-0x000000003fffffff] ACPI data
[    0.000000] BIOS-e820: [mem 0x00000000fec00000-0x00000000fec00fff] reserved
[    0.000000] BIOS-e820: [mem 0x00000000fee00000-0x00000000fee00fff] reserved
[    0.000000] BIOS-e820: [mem 0x00000000fffc0000-0x00000000ffffffff] reserved
[    0.000000] NX (Execute Disable) protection: active
[    0.000000] SMBIOS 2.5 present.
[    0.000000] Hypervisor detected: KVM
[    0.000000] e820: last_pfn = 0x3fff0 max_arch_pfn = 0x400000000
[    0.000000] MTRR: Disabled
[    0.000000] x86/PAT: MTRRs disabled, skipping PAT initialization too.
[    0.000000] CPU MTRRs all blank - virtualized system.
[    0.000000] x86/PAT: Configuration [0-7]: WB  WT  UC- UC  WB  WT  UC- UC  
[    0.000000] found SMP MP-table at [mem 0x0009fff0-0x0009ffff] mapped at [ffff88000009fff0]
[    0.000000] Scanning 1 areas for low memory corruption
[    0.000000] RAMDISK: [mem 0x362fa000-0x37174fff]
[    0.000000] ACPI: Early table checksum verification disabled
[    0.000000] ACPI: RSDP 0x00000000000E0000 000024 (v02 VBOX  )
[    0.000000] ACPI: XSDT 0x000000003FFF0030 00003C (v01 VBOX   VBOXXSDT 00000001 ASL  00000061)
[    0.000000] ACPI: FACP 0x000000003FFF00F0 0000F4 (v04 VBOX   VBOXFACP 00000001 ASL  00000061)
[    0.000000] ACPI: DSDT 0x000000003FFF0470 0022EA (v02 VBOX   VBOXBIOS 00000002 INTL 20100528)
[    0.000000] ACPI: FACS 0x000000003FFF0200 000040
[    0.000000] ACPI: FACS 0x000000003FFF0200 000040
[    0.000000] ACPI: APIC 0x000000003FFF0240 00005C (v02 VBOX   VBOXAPIC 00000001 ASL  00000061)
[    0.000000] ACPI: SSDT 0x000000003FFF02A0 0001CC (v01 VBOX   VBOXCPUT 00000002 INTL 20100528)
[    0.000000] No NUMA configuration found
[    0.000000] Faking a node at [mem 0x0000000000000000-0x000000003ffeffff]
[    0.000000] NODE_DATA(0) allocated [mem 0x3ffeb000-0x3ffeffff]
[    0.000000] kvm-clock: Using msrs 4b564d01 and 4b564d00
[    0.000000] kvm-clock: cpu 0, msr 0:3ffe3001, primary cpu clock
[    0.000000] kvm-clock: using sched offset of 8506619330 cycles
[    0.000000] clocksource: kvm-clock: mask: 0xffffffffffffffff max_cycles: 0x1cd42e4dffb, max_idle_ns: 881590591483 ns
[    0.000000] Zone ranges:
[    0.000000]   DMA      [mem 0x0000000000001000-0x0000000000ffffff]
[    0.000000]   DMA32    [mem 0x0000000001000000-0x000000003ffeffff]
[    0.000000]   Normal   empty
[    0.000000]   Device   empty
[    0.000000] Movable zone start for each node
[    0.000000] Early memory node ranges
[    0.000000]   node   0: [mem 0x0000000000001000-0x000000000009efff]
[    0.000000]   node   0: [mem 0x0000000000100000-0x000000003ffeffff]
[    0.000000] Initmem setup node 0 [mem 0x0000000000001000-0x000000003ffeffff]
[    0.000000] ACPI: PM-Timer IO Port: 0x4008
[    0.000000] IOAPIC[0]: apic_id 2, version 32, address 0xfec00000, GSI 0-23
[    0.000000] ACPI: INT_SRC_OVR (bus 0 bus_irq 0 global_irq 2 dfl dfl)
[    0.000000] ACPI: INT_SRC_OVR (bus 0 bus_irq 9 global_irq 9 low level)
[    0.000000] Using ACPI (MADT) for SMP configuration information
[    0.000000] smpboot: Allowing 2 CPUs, 0 hotplug CPUs
[    0.000000] PM: Registered nosave memory: [mem 0x00000000-0x00000fff]
[    0.000000] PM: Registered nosave memory: [mem 0x0009f000-0x0009ffff]
[    0.000000] PM: Registered nosave memory: [mem 0x000a0000-0x000effff]
[    0.000000] PM: Registered nosave memory: [mem 0x000f0000-0x000fffff]
[    0.000000] e820: [mem 0x40000000-0xfebfffff] available for PCI devices
[    0.000000] Booting paravirtualized kernel on KVM
[    0.000000] clocksource: refined-jiffies: mask: 0xffffffff max_cycles: 0xffffffff, max_idle_ns: 7645519600211568 ns
[    0.000000] setup_percpu: NR_CPUS:512 nr_cpumask_bits:512 nr_cpu_ids:2 nr_node_ids:1
[    0.000000] PERCPU: Embedded 34 pages/cpu @ffff88003fc00000 s99480 r8192 d31592 u1048576
[    0.000000] Built 1 zonelists in Node order, mobility grouping on.  Total pages: 257912
[    0.000000] Policy zone: DMA32
[    0.000000] Kernel command line: BOOT_IMAGE=/boot/vmlinuz-4.4.0-146-generic root=LABEL=cloudimg-rootfs ro console=tty1 console=ttyS0
[    0.000000] PID hash table entries: 4096 (order: 3, 32768 bytes)
[    0.000000] Memory: 997732K/1048120K available (8609K kernel code, 1334K rwdata, 4028K rodata, 1484K init, 1284K bss, 50388K reserved, 0K cma-reserved)
[    0.000000] SLUB: HWalign=64, Order=0-3, MinObjects=0, CPUs=2, Nodes=1
[    0.000000] Kernel/User page tables isolation: enabled
[    0.000000] Hierarchical RCU implementation.
[    0.000000] 	Build-time adjustment of leaf fanout to 64.
[    0.000000] 	RCU restricting CPUs from NR_CPUS=512 to nr_cpu_ids=2.
[    0.000000] RCU: Adjusting geometry for rcu_fanout_leaf=64, nr_cpu_ids=2
[    0.000000] NR_IRQS:33024 nr_irqs:440 16
[    0.000000] Console: colour VGA+ 80x25
[    0.000000] console [tty1] enabled
[    0.000000] console [ttyS0] enabled
[    0.000000] tsc: Detected 1599.999 MHz processor
[    0.275806] Calibrating delay loop (skipped) preset value.. 3199.99 BogoMIPS (lpj=6399996)
[    0.279496] pid_max: default: 32768 minimum: 301
[    0.281211] ACPI: Core revision 20150930
[    0.283747] ACPI: 2 ACPI AML tables successfully acquired and loaded
[    0.286599] Security Framework initialized
[    0.288159] Yama: becoming mindful.
[    0.289542] AppArmor: AppArmor initialized
[    0.291907] Dentry cache hash table entries: 131072 (order: 8, 1048576 bytes)
[    0.296920] Inode-cache hash table entries: 65536 (order: 7, 524288 bytes)
[    0.299631] Mount-cache hash table entries: 2048 (order: 2, 16384 bytes)
[    0.301989] Mountpoint-cache hash table entries: 2048 (order: 2, 16384 bytes)
[    0.304676] Initializing cgroup subsys io
[    0.306397] Initializing cgroup subsys memory
[    0.308366] Initializing cgroup subsys devices
[    0.310066] Initializing cgroup subsys freezer
[    0.312046] Initializing cgroup subsys net_cls
[    0.314129] Initializing cgroup subsys perf_event
[    0.315915] Initializing cgroup subsys net_prio
[    0.318826] Initializing cgroup subsys hugetlb
[    0.321344] Initializing cgroup subsys pids
[    0.325014] mce: CPU supports 0 MCE banks
[    0.327240] Last level iTLB entries: 4KB 64, 2MB 8, 4MB 8
[    0.329259] Last level dTLB entries: 4KB 64, 2MB 0, 4MB 0, 1GB 4
[    0.331450] Spectre V2 : Mitigation: Full generic retpoline
[    0.333459] Spectre V2 : Spectre v2 / SpectreRSB mitigation: Filling RSB on context switch
[    0.336646] Speculative Store Bypass: Vulnerable
[    0.342329] Freeing SMP alternatives memory: 36K
[    0.351120] ftrace: allocating 32287 entries in 127 pages
[    0.421369] smpboot: APIC(0) Converting physical 0 to logical package 0
[    0.424352] smpboot: Max logical packages: 1
[    0.426345] x2apic enabled
[    0.427760] Switched APIC routing to physical x2apic.
[    0.430972] ..TIMER: vector=0x30 apic1=0 pin1=2 apic2=-1 pin2=-1
[    0.538281] smpboot: CPU0: Intel(R) Core(TM) i5-5250U CPU @ 1.60GHz (family: 0x6, model: 0x3d, stepping: 0x4)
[    0.542740] Performance Events: unsupported p6 CPU model 61 no PMU driver, software events only.
[    0.558142] KVM setup paravirtual spinlock
[    0.560874] x86: Booting SMP configuration:
[    0.562464] .... node  #0, CPUs:      #1
[    0.564131] kvm-clock: cpu 1, msr 0:3ffe3041, secondary cpu clock
[    0.567733] mce: CPU supports 0 MCE banks
[    0.571341] x86: Booted up 1 node, 2 CPUs
[    0.573493] smpboot: Total of 2 processors activated (6399.99 BogoMIPS)
[    0.576788] devtmpfs: initialized
[    0.579826] evm: security.selinux
[    0.581377] evm: security.SMACK64
[    0.582724] evm: security.SMACK64EXEC
[    0.584446] evm: security.SMACK64TRANSMUTE
[    0.586226] evm: security.SMACK64MMAP
[    0.587788] evm: security.ima
[    0.589134] evm: security.capability
[    0.591454] clocksource: jiffies: mask: 0xffffffff max_cycles: 0xffffffff, max_idle_ns: 7645041785100000 ns
[    0.597019] futex hash table entries: 512 (order: 3, 32768 bytes)
[    0.599796] pinctrl core: initialized pinctrl subsystem
[    0.601861] RTC time:  8:42:46, date: 05/30/19
[    0.603773] NET: Registered protocol family 16
[    0.618725] cpuidle: using governor ladder
[    0.631963] cpuidle: using governor menu
[    0.634960] PCCT header not found.
[    0.637310] ACPI: bus type PCI registered
[    0.639622] acpiphp: ACPI Hot Plug PCI Controller Driver version: 0.5
[    0.642422] PCI: Using configuration type 1 for base access
[    0.656450] ACPI: Added _OSI(Module Device)
[    0.658629] ACPI: Added _OSI(Processor Device)
[    0.660765] ACPI: Added _OSI(3.0 _SCP Extensions)
[    0.662476] ACPI: Added _OSI(Processor Aggregator Device)
[    0.665656] ACPI: Executed 1 blocks of module-level executable AML code
[    0.670869] ACPI: Interpreter enabled
[    0.672517] ACPI: (supports S0 S5)
[    0.673931] ACPI: Using IOAPIC for interrupt routing
[    0.676130] PCI: Using host bridge windows from ACPI; if necessary, use "pci=nocrs" and report a bug
[    0.685296] ACPI: PCI Root Bridge [PCI0] (domain 0000 [bus 00-ff])
[    0.688175] acpi PNP0A03:00: _OSC: OS supports [ASPM ClockPM Segments MSI]
[    0.691839] acpi PNP0A03:00: _OSC: not requesting OS control; OS requires [ExtendedConfig ASPM ClockPM MSI]
[    0.695558] acpi PNP0A03:00: fail to add MMCONFIG information, can't access extended PCI configuration space under this bridge.
[    0.700988] PCI host bridge to bus 0000:00
[    0.702655] pci_bus 0000:00: root bus resource [io  0x0000-0x0cf7 window]
[    0.705198] pci_bus 0000:00: root bus resource [io  0x0d00-0xffff window]
[    0.708002] pci_bus 0000:00: root bus resource [mem 0x000a0000-0x000bffff window]
[    0.710958] pci_bus 0000:00: root bus resource [mem 0x40000000-0xfdffffff window]
[    0.714674] pci_bus 0000:00: root bus resource [bus 00-ff]
[    0.721608] pci 0000:00:01.1: legacy IDE quirk: reg 0x10: [io  0x01f0-0x01f7]
[    0.725254] pci 0000:00:01.1: legacy IDE quirk: reg 0x14: [io  0x03f6]
[    0.728144] pci 0000:00:01.1: legacy IDE quirk: reg 0x18: [io  0x0170-0x0177]
[    0.730692] pci 0000:00:01.1: legacy IDE quirk: reg 0x1c: [io  0x0376]
[    0.759812] pci 0000:00:07.0: quirk: [io  0x4000-0x403f] claimed by PIIX4 ACPI
[    0.762930] pci 0000:00:07.0: quirk: [io  0x4100-0x410f] claimed by PIIX4 SMB
[    0.794854] ACPI: PCI Interrupt Link [LNKA] (IRQs 5 9 10 *11)
[    0.798008] ACPI: PCI Interrupt Link [LNKB] (IRQs 5 9 *10 11)
[    0.800710] ACPI: PCI Interrupt Link [LNKC] (IRQs 5 *9 10 11)
[    0.803363] ACPI: PCI Interrupt Link [LNKD] (IRQs 5 9 10 *11)
[    0.806325] ACPI: Enabled 2 GPEs in block 00 to 07
[    0.808653] vgaarb: setting as boot device: PCI:0000:00:02.0
[    0.811112] vgaarb: device added: PCI:0000:00:02.0,decodes=io+mem,owns=io+mem,locks=none
[    0.814216] vgaarb: loaded
[    0.815392] vgaarb: bridge control possible 0000:00:02.0
[    0.818336] SCSI subsystem initialized
[    0.821062] ACPI: bus type USB registered
[    0.823032] usbcore: registered new interface driver usbfs
[    0.825886] usbcore: registered new interface driver hub
[    0.828262] usbcore: registered new device driver usb
[    0.830848] PCI: Using ACPI for IRQ routing
[    0.833220] NetLabel: Initializing
[    0.834576] NetLabel:  domain hash size = 128
[    0.836344] NetLabel:  protocols = UNLABELED CIPSOv4
[    0.840888] NetLabel:  unlabeled traffic allowed by default
[    0.843555] amd_nb: Cannot enumerate AMD northbridges
[    0.845502] clocksource: Switched to clocksource kvm-clock
[    0.858578] AppArmor: AppArmor Filesystem Enabled
[    0.860619] pnp: PnP ACPI init
[    0.863552] pnp: PnP ACPI: found 3 devices
[    0.876211] clocksource: acpi_pm: mask: 0xffffff max_cycles: 0xffffff, max_idle_ns: 2085701024 ns
[    0.879928] NET: Registered protocol family 2
[    0.881810] TCP established hash table entries: 8192 (order: 4, 65536 bytes)
[    0.884492] TCP bind hash table entries: 8192 (order: 5, 131072 bytes)
[    0.887181] TCP: Hash tables configured (established 8192 bind 8192)
[    0.889475] UDP hash table entries: 512 (order: 2, 16384 bytes)
[    0.892599] UDP-Lite hash table entries: 512 (order: 2, 16384 bytes)
[    0.895729] NET: Registered protocol family 1
[    0.897632] pci 0000:00:00.0: Limiting direct PCI/PCI transfers
[    0.899912] pci 0000:00:01.0: Activating ISA DMA hang workarounds
[    0.902424] Unpacking initramfs...
[    1.241873] Freeing initrd memory: 14828K
[    1.243806] RAPL PMU detected, API unit is 2^-32 Joules, 4 fixed counters 10737418240 ms ovfl timer
[    1.248127] hw unit of domain pp0-core 2^-0 Joules
[    1.249941] hw unit of domain package 2^-0 Joules
[    1.252421] hw unit of domain dram 2^-0 Joules
[    1.254519] hw unit of domain pp1-gpu 2^-0 Joules
[    1.256557] platform rtc_cmos: registered platform RTC device (no PNP device found)
[    1.260670] Scanning for low memory corruption every 60 seconds
[    1.263471] audit: initializing netlink subsys (disabled)
[    1.265527] audit: type=2000 audit(1559205775.915:1): initialized
[    1.268488] Initialise system trusted keyring
[    1.270531] HugeTLB registered 2 MB page size, pre-allocated 0 pages
[    1.274508] zbud: loaded
[    1.276354] VFS: Disk quotas dquot_6.6.0
[    1.278174] VFS: Dquot-cache hash table entries: 512 (order 0, 4096 bytes)
[    1.280940] squashfs: version 4.0 (2009/01/31) Phillip Lougher
[    1.283923] fuse init (API version 7.23)
[    1.285783] Key type big_key registered
[    1.287714] Allocating IMA MOK and blacklist keyrings.
[    1.292836] Key type asymmetric registered
[    1.295320] Asymmetric key parser 'x509' registered
[    1.297913] Block layer SCSI generic (bsg) driver version 0.4 loaded (major 249)
[    1.302239] io scheduler noop registered
[    1.304192] io scheduler deadline registered (default)
[    1.307492] io scheduler cfq registered
[    1.310624] pci_hotplug: PCI Hot Plug PCI Core version: 0.5
[    1.314191] pciehp: PCI Express Hot Plug Controller Driver version: 0.4
[    1.318872] ACPI: AC Adapter [AC] (off-line)
[    1.321076] input: Power Button as /devices/LNXSYSTM:00/LNXPWRBN:00/input/input0
[    1.330352] ACPI: Power Button [PWRF]
[    1.333179] input: Sleep Button as /devices/LNXSYSTM:00/LNXSLPBN:00/input/input1
[    1.337010] ACPI: Sleep Button [SLPF]
[    1.341979] GHES: HEST is not enabled!
[    1.344394] ACPI: Battery Slot [BAT0] (battery present)
[    1.348810] Serial: 8250/16550 driver, 32 ports, IRQ sharing enabled
[    1.373151] 00:02: ttyS0 at I/O 0x3f8 (irq = 4, base_baud = 115200) is a 16550A
[    1.384486] Linux agpgart interface v0.103
[    1.392480] loop: module loaded
[    1.395137] scsi host0: ata_piix
[    1.397855] scsi host1: ata_piix
[    1.399199] ata1: PATA max UDMA/33 cmd 0x1f0 ctl 0x3f6 bmdma 0xd000 irq 14
[    1.401610] ata2: PATA max UDMA/33 cmd 0x170 ctl 0x376 bmdma 0xd008 irq 15
[    1.405895] libphy: Fixed MDIO Bus: probed
[    1.410023] tun: Universal TUN/TAP device driver, 1.6
[    1.414178] tun: (C) 1999-2004 Max Krasnyansky <maxk@qualcomm.com>
[    1.417078] PPP generic driver version 2.4.2
[    1.419123] ehci_hcd: USB 2.0 'Enhanced' Host Controller (EHCI) Driver
[    1.423315] ehci-pci: EHCI PCI platform driver
[    1.425921] ehci-platform: EHCI generic platform driver
[    1.430576] ohci_hcd: USB 1.1 'Open' Host Controller (OHCI) Driver
[    1.433126] ohci-pci: OHCI PCI platform driver
[    1.434858] ohci-platform: OHCI generic platform driver
[    1.438316] uhci_hcd: USB Universal Host Controller Interface driver
[    1.441656] i8042: PNP: PS/2 Controller [PNP0303:PS2K,PNP0f03:PS2M] at 0x60,0x64 irq 1,12
[    1.446655] serio: i8042 KBD port at 0x60,0x64 irq 1
[    1.448485] serio: i8042 AUX port at 0x60,0x64 irq 12
[    1.450972] mousedev: PS/2 mouse device common for all mice
[    1.455081] input: AT Translated Set 2 keyboard as /devices/platform/i8042/serio0/input/input2
[    1.462153] rtc_cmos rtc_cmos: rtc core: registered rtc_cmos as rtc0
[    1.464984] rtc_cmos rtc_cmos: alarms up to one day, 114 bytes nvram
[    1.467390] i2c /dev entries driver
[    1.469847] device-mapper: uevent: version 1.0.3
[    1.472264] device-mapper: ioctl: 4.34.0-ioctl (2015-10-28) initialised: dm-devel@redhat.com
[    1.477471] ledtrig-cpu: registered to indicate activity on CPUs
[    1.481225] NET: Registered protocol family 10
[    1.483968] NET: Registered protocol family 17
[    1.486548] Key type dns_resolver registered
[    1.488881] registered taskstats version 1
[    1.493120] Loading compiled-in X.509 certificates
[    1.496131] Loaded X.509 cert 'Build time autogenerated kernel key: 4dcb2dc2c7cf43e0c20c44384f68683c20294489'
[    1.501934] zswap: loaded using pool lzo/zbud
[    1.507042] Key type trusted registered
[    1.515246] Key type encrypted registered
[    1.518150] AppArmor: AppArmor sha1 policy hashing enabled
[    1.520389] ima: No TPM chip found, activating TPM-bypass!
[    1.522718] ima: Allocated hash algorithm: sha1
[    1.526858] evm: HMAC attrs: 0x1
[    1.529324]   Magic number: 3:779:726
[    1.531101] block loop6: hash matches
[    1.534628] rtc_cmos rtc_cmos: setting system clock to 2019-05-30 08:42:47 UTC (1559205767)
[    1.538588] BIOS EDD facility v0.16 2004-Jun-25, 0 devices found
[    1.542692] EDD information not available.
[    1.576707] Freeing unused kernel memory: 1484K
[    1.579426] Write protecting the kernel read-only data: 14336k
[    1.583919] Freeing unused kernel memory: 1620K
[    1.586354] Freeing unused kernel memory: 68K
Loading, please wait...
starting version[    1.610719] random: systemd-udevd: uninitialized urandom read (16 bytes read, 3 bits of entropy available)
 229
[    1.611929] random: udevadm: uninitialized urandom read (16 bytes read, 3 bits of entropy available)
[    1.611963] random: udevadm: uninitialized urandom read (16 bytes read, 3 bits of entropy available)
[    1.624159] random: udevadm: uninitialized urandom read (16 bytes read, 3 bits of entropy available)
[    1.624233] random: udevadm: uninitialized urandom read (16 bytes read, 3 bits of entropy available)
[    1.624648] random: udevadm: uninitialized urandom read (16 bytes read, 3 bits of entropy available)
[    1.624841] random: udevadm: uninitialized urandom read (16 bytes read, 3 bits of entropy available)
[    1.624904] random: udevadm: uninitialized urandom read (16 bytes read, 3 bits of entropy available)
[    1.624966] random: udevadm: uninitialized urandom read (16 bytes read, 3 bits of entropy available)
[    1.625021] random: udevadm: uninitialized urandom read (16 bytes read, 3 bits of entropy available)
[    1.721076] e1000: Intel(R) PRO/1000 Network Driver - version 7.3.21-k8-NAPI
[    1.725000] e1000: Copyright (c) 1999-2006 Intel Corporation.
[    1.731609] Fusion MPT base driver 3.04.20
[    1.738263] Copyright (c) 1999-2008 LSI Corporation
[    1.768886] Fusion MPT SPI Host driver 3.04.20
[    1.777751] AVX2 version of gcm_enc/dec engaged.
[    1.779545] AES CTR mode by8 optimization enabled
[    1.967415] input: ImExPS/2 Generic Explorer Mouse as /devices/platform/i8042/serio1/input/input4
[    2.254710] tsc: Refined TSC clocksource calibration: 1599.866 MHz
[    2.259204] clocksource: tsc: mask: 0xffffffffffffffff max_cycles: 0x170fa66055c, max_idle_ns: 440795217443 ns
[    2.270948] e1000 0000:00:03.0 eth0: (PCI:33MHz:32-bit) 02:3a:f4:24:e2:72
[    2.280107] e1000 0000:00:03.0 eth0: Intel(R) PRO/1000 Network Connection
[    2.837865] e1000 0000:00:08.0 eth1: (PCI:33MHz:32-bit) 08:00:27:27:8a:a0
[    2.841489] e1000 0000:00:08.0 eth1: Intel(R) PRO/1000 Network Connection
[    2.846690] e1000 0000:00:03.0 enp0s3: renamed from eth0
[    2.849693] mptbase: ioc0: Initiating bringup
[    2.866451] e1000 0000:00:08.0 enp0s8: renamed from eth1
[    2.925151] ioc0: LSI53C1030 A0: Capabilities={Initiator}
[    3.788983] scsi host2: ioc0: LSI53C1030 A0, FwRev=00000000h, Ports=1, MaxQ=256, IRQ=20
[    4.238029] scsi 2:0:0:0: Direct-Access     VBOX     HARDDISK         1.0  PQ: 0 ANSI: 5
[    4.241941] scsi target2:0:0: Beginning Domain Validation
[    4.246946] scsi target2:0:0: Domain Validation skipping write tests
[    4.261194] scsi target2:0:0: Ending Domain Validation
[    4.263773] scsi target2:0:0: asynchronous
[    4.266700] scsi 2:0:1:0: Direct-Access     VBOX     HARDDISK         1.0  PQ: 0 ANSI: 5
[    4.269886] scsi target2:0:1: Beginning Domain Validation
[    4.274894] scsi target2:0:1: Domain Validation skipping write tests
[    4.277453] scsi target2:0:1: Ending Domain Validation
[    4.279818] scsi target2:0:1: asynchronous
[    4.289381] sd 2:0:0:0: Attached scsi generic sg0 type 0
[    4.292082] sd 2:0:0:0: [sda] 20971520 512-byte logical blocks: (10.7 GB/10.0 GiB)
[    4.295540] sd 2:0:1:0: Attached scsi generic sg1 type 0
[    4.298350] sd 2:0:1:0: [sdb] 20480 512-byte logical blocks: (10.5 MB/10.0 MiB)
[    4.301669] sd 2:0:0:0: [sda] Write Protect is off
[    4.303911] sd 2:0:1:0: [sdb] Write Protect is off
[    4.306137] sd 2:0:0:0: [sda] Incomplete mode parameter data
[    4.308471] sd 2:0:0:0: [sda] Assuming drive cache: write through
[    4.310744] sd 2:0:1:0: [sdb] Incomplete mode parameter data
[    4.312956] sd 2:0:1:0: [sdb] Assuming drive cache: write through
[    4.321643]  sda: sda1
[    4.323851] sd 2:0:1:0: [sdb] Attached SCSI disk
[    4.327821] sd 2:0:0:0: [sda] Attached SCSI disk
Begin: Loading essential drivers ... [    5.963176] md: linear personality registered for level -1
[    5.974705] md: multipath personality registered for level -4
[    5.987798] md: raid0 personality registered for level 0
[    6.000488] md: raid1 personality registered for level 1
[    6.077765] raid6: sse2x1   gen()  7703 MB/s
[    6.145778] raid6: sse2x1   xor()  5541 MB/s
[    6.213774] raid6: sse2x2   gen()  9629 MB/s
[    6.281636] raid6: sse2x2   xor()  6552 MB/s
[    6.349725] raid6: sse2x4   gen() 11500 MB/s
[    6.417652] raid6: sse2x4   xor()  7762 MB/s
[    6.485900] raid6: avx2x1   gen() 15620 MB/s
[    6.553826] raid6: avx2x2   gen() 15538 MB/s
[    6.621787] raid6: avx2x4   gen() 18181 MB/s
[    6.623993] raid6: using algorithm avx2x4 gen() 18181 MB/s
[    6.628245] raid6: using avx2x2 recovery algorithm
[    6.632512] xor: automatically using best checksumming function:
[    6.673671]    avx       : 20877.000 MB/sec
[    6.677096] async_tx: api initialized (async)
[    6.693531] md: raid6 personality registered for level 6
[    6.695854] md: raid5 personality registered for level 5
[    6.697865] md: raid4 personality registered for level 4
[    6.709006] md: raid10 personality registered for level 10
done.
Begin: Running /scripts/init-premount ... done.
Begin: Mounting root file system ... Begin: Running /scripts/local-top ... done.
Begin: Running /scripts/local-premount ... [    6.751812] Btrfs loaded
Scanning for Btrfs filesystems
done.
Warning: fsck not present, so skipping root file system
[    6.852003] EXT4-fs (sda1): mounted filesystem with ordered data mode. Opts: (null)
done.
Begin: Running /scripts/local-bottom ... done.
Begin: Running /scripts/init-bottom ... done.
[    7.211037] systemd[1]: systemd 229 running in system mode. (+PAM +AUDIT +SELINUX +IMA +APPARMOR +SMACK +SYSVINIT +UTMP +LIBCRYPTSETUP +GCRYPT +GNUTLS +ACL +XZ -LZ4 +SECCOMP +BLKID +ELFUTILS +KMOD -IDN)
[    7.218770] systemd[1]: Detected virtualization oracle.
[    7.220742] systemd[1]: Detected architecture x86-64.

Welcome to [1mUbuntu 16.04.6 LTS[0m!

[    7.239837] systemd[1]: Set hostname to <ubuntu>.
[    7.250181] systemd[1]: Initializing machine ID from random generator.
[    7.253575] systemd[1]: Installed transient /etc/machine-id file.
[    8.062176] systemd[1]: Created slice System Slice.
[[0;32m  OK  [0m] Created slice System Slice.
[    8.067411] systemd[1]: Listening on Device-mapper event daemon FIFOs.
[[0;32m  OK  [0m] Listening on Device-mapper event daemon FIFOs.
[    8.073591] systemd[1]: Listening on /dev/initctl Compatibility Named Pipe.
[[0;32m  OK  [0m] Listening on /dev/initctl Compatibility Named Pipe.
[    8.079903] systemd[1]: Reached target Swap.
[[0;32m  OK  [0m] Reached target Swap.
[    8.083513] systemd[1]: Listening on udev Kernel Socket.
[[0;32m  OK  [0m] Listening on udev Kernel Socket.
[    8.088352] systemd[1]: Started Forward Password Requests to Wall Directory Watch.
[[0;32m  OK  [0m] Started Forward Password Requests to Wall Directory Watch.
[    8.096192] systemd[1]: Created slice system-serial\x2dgetty.slice.
[[0;32m  OK  [0m] Created slice system-serial\x2dgetty.slice.
[    8.102143] systemd[1]: Listening on Syslog Socket.
[[0;32m  OK  [0m] Listening on Syslog Socket.
[    8.107628] systemd[1]: Set up automount Arbitrary Executable File Formats File System Automount Point.
[[0;32m  OK  [0m] Set up automount Arbitrary Executab...ats File System Automount Point.
[    8.114594] systemd[1]: Reached target User and Group Name Lookups.
[[0;32m  OK  [0m] Reached target User and Group Name Lookups.
[    8.119715] systemd[1]: Listening on Journal Socket (/dev/log).
[[0;32m  OK  [0m] Listening on Journal Socket (/dev/log).
[    8.125482] systemd[1]: Created slice User and Session Slice.
[[0;32m  OK  [0m] Created slice User and Session Slice.
[    8.130996] systemd[1]: Reached target System Time Synchronized.
[[0;32m  OK  [0m] Reached target System Time Synchronized.
[    8.136025] systemd[1]: Listening on LVM2 metadata daemon socket.
[[0;32m  OK  [0m] Listening on LVM2 metadata daemon socket.
[    8.141168] systemd[1]: Reached target Encrypted Volumes.
[[0;32m  OK  [0m] Reached target Encrypted Volumes.
[    8.145503] systemd[1]: Listening on udev Control Socket.
[[0;32m  OK  [0m] Listening on udev Control Socket.
[    8.150200] systemd[1]: Listening on LVM2 poll daemon socket.
[[0;32m  OK  [0m] Listening on LVM2 poll daemon socket.
[    8.155325] systemd[1]: Listening on Journal Audit Socket.
[[0;32m  OK  [0m] Listening on Journal Audit Socket.
[    8.159695] systemd[1]: Listening on Journal Socket.
[[0;32m  OK  [0m] Listening on Journal Socket.
[    8.177978] systemd[1]: Mounting POSIX Message Queue File System...
         Mounting POSIX Message Queue File System...
[    8.186227] systemd[1]: Mounting Huge Pages File System...
         Mounting Huge Pages File System...
[    8.196641] systemd[1]: Starting Uncomplicated firewall...
         Starting Uncomplicated firewall...
[    8.203420] systemd[1]: Starting Nameserver information manager...
         Starting Nameserver information manager...
[    8.215048] systemd[1]: Starting Journal Service...
         Starting Journal Service...
[    8.221999] systemd[1]: Starting Create list of required static device nodes for the current kernel...
         Starting Create list of required st... nodes for the current kernel...
[    8.233516] systemd[1]: Starting Monitoring of LVM2 mirrors, snapshots etc. using dmeventd or progress polling...
         Starting Monitoring of LVM2 mirrors... dmeventd or progress polling...
[    8.258667] systemd[1]: Starting Remount Root and Kernel File Systems...
         Starting Remount Root and Kernel File Systems...
[    8.269304] systemd[1]: Mounting Debug File System...
         Mounting Debug File System...
[    8.278762] EXT4-fs (sda1): re-mounted. Opts: (null)
[    8.302456] systemd[1]: Starting Load Kernel Modules...
         Starting Load Kernel Modules...
[    8.312881] systemd[1]: Reached target Slices.
[[0;32m  OK  [0m] Reached target Slices.
[    8.321168] systemd[1]: Starting Set console keymap...
         Starting Set console keymap...
[    8.330841] systemd[1]: Started Trigger resolvconf update for networkd DNS.
[[0;32m  OK  [0m] Started Trigger resolvconf update for networkd DNS.
[    8.358848] systemd[1]: Mounted POSIX Message Queue File System.
[[0;32m  OK  [0m] Mounted POSIX Message Queue File System.
[    8.386946] Loading iSCSI transport class v2.0-870.
[    8.389844] systemd[1]: Mounted Debug File System.
[[0;32m  OK  [0m] Mounted Debug File System.
[    8.398868] systemd[1]: Mounted Huge Pages File System.
[[0;32m  OK  [0m] Mounted Huge Pages File System.
[    8.407451] systemd[1]: Started Journal Service.
[[0;32m  OK  [0m] Started Journal Service.
[[0;32m  OK  [0m] Started Uncomplicated firewall.[    8.455232] iscsi: registered transport (tcp)

[[0;32m  OK  [0m] Started Create list of required sta...ce nodes for the current kernel.
[[0;32m  OK  [0m] Started Remount Root and Kernel File Systems.
[[0;32m  OK  [0m] Started Set console keymap.
[[0;32m  OK  [0m] Started Nameserver information manager.
[    8.588959] random: nonblocking pool is initialized
[    8.621611] iscsi: registered transport (iser)
[[0;32m  OK  [0m] Started Load Kernel Modules.
         Starting Apply Kernel Variables...
         Mounting FUSE Control File System...
[[0;32m  OK  [0m] Started LVM2 metadata daemon.
         Starting Load/Save Random Seed...
         Starting udev Coldplug all Devices...
         Starting Create Static Device Nodes in /dev...
         Starting Flush Journal to Persistent Storage...
[[0;32m  OK  [0m] Mounted FUSE Control File System.
[[0;32m  OK  [0m] Started Apply Kernel Variables.
[[0;32m  OK  [0m] Started Load/Save Random Seed.
[[0;32m  OK  [0m] Started Create Static Device Nodes in /dev.
[[0;32m  OK  [0m] Started udev Coldplug all Devices.
[[0;32m  OK  [0m] Started Flush Journal to Persistent Storage.
         Starting udev Kernel Device Manager...
[[0;32m  OK  [0m] Started Monitoring of LVM2 mirrors,...ng dmeventd or progress polling.
[[0;32m  OK  [0m] Reached target Local File Systems (Pre).
[[0;32m  OK  [0m] Reached target Local File Systems.
         Starting Tell Plymouth To Write Out Runtime Data...
         Starting Create Volatile Files and Directories...
         Starting Initial cloud-init job (pre-networking)...
         Starting Set console font and keymap...
         Starting Commit a transient machine-id on disk...
         Starting LSB: AppArmor initialization...
[[0;32m  OK  [0m] Started Tell Plymouth To Write Out Runtime Data.
[[0;32m  OK  [0m] Started Create Volatile Files and Directories.
         Starting Update UTMP about System Boot/Shutdown...
[[0;32m  OK  [0m] Started Commit a transient machine-id on disk.
[[0;32m  OK  [0m] Started Update UTMP about System Boot/Shutdown.
[[0;32m  OK  [0m] Started udev Kernel Device Manager.
[[0;32m  OK  [0m] Started Dispatch Password Requests to Console Directory Watch.
[[0;32m  OK  [0m] Found device /dev/ttyS0.
[[0;32m  OK  [0m] Listening on Load/Save RF Kill Switch Status /dev/rfkill Watch.
[[0;32m  OK  [0m] Started LSB: AppArmor initialization.
[[0;32m  OK  [0m] Started Set console font and keymap.
[[0;32m  OK  [0m] Created slice system-getty.slice.
[   11.801751] cloud-init[468]: Cloud-init v. 18.5-45-g3554ffe8-0ubuntu1~16.04.1 running 'init-local' at Thu, 30 May 2019 08:42:57 +0000. Up 11.24 seconds.
[[0;32m  OK  [0m] Started Initial cloud-init job (pre-networking).
[[0;32m  OK  [0m] Reached target Network (Pre).
         Starting Raise network interfaces...
[[0;32m  OK  [0m] Started Raise network interfaces.
[[0;32m  OK  [0m] Reached target Network.
         Starting Initial cloud-init job (metadata service crawler)...
[   13.842607] cloud-init[954]: Cloud-init v. 18.5-45-g3554ffe8-0ubuntu1~16.04.1 running 'init' at Thu, 30 May 2019 08:42:59 +0000. Up 12.80 seconds.
[   13.848997] cloud-init[954]: ci-info: ++++++++++++++++++++++++++++++++++++++Net device info+++++++++++++++++++++++++++++++++++++++
[   13.856855] cloud-init[954]: ci-info: +--------+-------+----------------------------+---------------+--------+-------------------+
[   13.864818] cloud-init[954]: ci-info: | Device |   Up  |          Address           |      Mask     | Scope  |     Hw-Address    |
[   13.873149] cloud-init[954]: ci-info: +--------+-------+----------------------------+---------------+--------+-------------------+
[   13.882313] cloud-init[954]: ci-info: | enp0s3 |  True |         10.0.2.15          | 255.255.255.0 | global | 02:3a:f4:24:e2:72 |
[   13.887574] cloud-init[954]: ci-info: | enp0s3 |  True | fe80::3a:f4ff:fe24:e272/64 |       .       |  link  | 02:3a:f4:24:e2:72 |
[   13.895339] cloud-init[954]: ci-info: | enp0s8 | False |             .              |       .       |   .    | 08:00:27:27:8a:a0 |
[   13.902967] cloud-init[954]: ci-info: |   lo   |  True |         127.0.0.1          |   255.0.0.0   |  host  |         .         |
[   13.912784] cloud-init[954]: ci-info: |   lo   |  True |          ::1/128           |       .       |  host  |         .         |
[   13.919732] cloud-init[954]: ci-info: +--------+-------+----------------------------+---------------+--------+-------------------+
[   13.937440] cloud-init[954]: ci-info: +++++++++++++++++++++++++++Route IPv4 info++++++++++++++++++++++++++++
[   13.949229] cloud-init[954]: ci-info: +-------+-------------+----------+---------------+-----------+-------+
[   13.969536] cloud-init[954]: ci-info: | Route | Destination | Gateway  |    Genmask    | Interface | Flags |
[   13.992772] cloud-init[954]: ci-info: +-------+-------------+----------+---------------+-----------+-------+
[   13.997939] cloud-init[954]: ci-info: |   0   |   0.0.0.0   | 10.0.2.2 |    0.0.0.0    |   enp0s3  |   UG  |
[   14.003551] cloud-init[954]: ci-info: |   1   |   10.0.2.0  | 0.0.0.0  | 255.255.255.0 |   enp0s3  |   U   |
[   14.013194] cloud-init[954]: ci-info: +-------+-------------+----------+---------------+-----------+-------+
[   14.029265] cloud-init[954]: ci-info: +++++++++++++++++++Route IPv6 info+++++++++++++++++++
[   14.033834] cloud-init[954]: ci-info: +-------+-------------+---------+-----------+-------+
[   14.041388] cloud-init[954]: ci-info: | Route | Destination | Gateway | Interface | Flags |
[   14.053344] cloud-init[954]: ci-info: +-------+-------------+---------+-----------+-------+
[   14.061997] [[0;32m  OK  [0m] Started Initial cloud-init job (metadata service crawler).
[[0;32m  OK  [0m] Reached target System Initialization.
cloud-init[954]: ci-info: |   0   |  fe80::/64  |    ::   |   enp0s3  |   U   |
[   14.078347] cloud-init[954]: ci-info: |   3   |   ff00::/8  |    ::   |   enp0s3  |   U   |
[   14.095778] [[0;32m  OK  [0m] Listening on UUID daemon activation socket.
cloud-init[954]: ci-info: +-------+-------------+---------+-----------+-------+
         Starting LXD - unix socket.
[[0;32m  OK  [0m] Started Daily Cleanup of Temporary Directories.
[[0;32m  OK  [0m] Listening on D-Bus System Message Bus Socket.
[[   14.106141] cloud-init[954]: Generating public/private rsa key pair.
[   14.132964] cloud-init[954]: Your identification has been saved in /etc/ssh/ssh_host_rsa_key.
[   14.134751] cloud-init[954]: Your public key has been saved in /etc/ssh/ssh_host_rsa_key.pub.
[   14.134893] cloud-init[954]: The key fingerprint is:
[   14.135349] cloud-init[954]: SHA256:/CPpi87LJI4NLxNQCvctJFXMPucc1XO6eEpr9nSRJvo root@ubuntu-xenial
[   14.135475] cloud-init[954]: The key's randomart image is:
[   14.135591] cloud-init[954]: +---[RSA 2048]----+
[   14.136108] cloud-init[954]: |   ..+.    .     |
[   14.136256] cloud-init[954]: |. + . o   . o .  |
[   14.136356] cloud-init[954]: |.+ + o   .   +   |
[   14.136452] cloud-init[954]: |o   o +.o   .  . |
[0;32m  OK  [0m] Started Daily apt download activities.
[[0;32m  OK  [0m] Started Daily apt upgrade and clean activities.
[   14.140988] cloud-init[954]: | .   . =S. ...+  |
[   14.395635] cloud-init[954]: |  .     ooo.oo . |
[   14.398255] cloud-init[954]: |  ... . o.++. .  |
[   14.398863] cloud-init[954]: |  o* = o .=+ .   |
[   14.402219] cloud-init[954]: |  .o+.*.o+ .E    |
         [   14.403696] cloud-init[954]: +----[SHA256]-----+
[   14.406026] cloud-init[954]: Generating public/private dsa key pair.
[   14.408698] cloud-init[954]: Your identification has been saved in /etc/ssh/ssh_host_dsa_key.
[   14.410729] cloud-init[954]: Your public key has been saved in /etc/ssh/ssh_host_dsa_key.pub.
[   14.415242] cloud-init[954]: The key fingerprint is:
[   14.418424] cloud-init[954]: SHA256:F3hACjBULktHVoSrpBdmOjNv+T54X/wJeqlBHDdtq2g root@ubuntu-xenial
[   14.419734] cloud-init[954]: The key's randomart image is:
[   14.425093] cloud-init[954]: +---[DSA 1024]----+
[   14.426412] cloud-init[954]: | .+o=+o.o        |
[   14.429472] cloud-init[954]: |   =.. . +       |
[   14.430480] cloud-init[954]: |  o o.o + =      |
[   14.432978] cloud-init[954]: | .=+.. o + o     |
[   14.435534] cloud-init[954]: | *.o  o S o      |
[   14.436297] cloud-init[954]: |* o  . o o       |
[   14.438822] cloud-init[954]: | * o  E =.       |
[   14.440124] cloud-init[954]: |  = o. +oo .     |
Starting Socket activation for snappy daemon.[   14.445539] cloud-init[954]: | . +oo+o  o      |

[   14.447266] cloud-init[954]: +----[SHA256]-----+
[   14.452802] cloud-init[954]: Generating public/private ecdsa key pair.
[   14.453203] cloud-init[954]: Your identification has been saved in /etc/ssh/ssh_host_ecdsa_key.
[   14.454485] cloud-init[954]: Your public key has been saved in /etc/ssh/ssh_host_ecdsa_key.pub.
[   14.460745] cloud-init[954]: The key fingerprint is:
[   14.460847] cloud-init[954]: SHA256:U6XTahHjwrpdLAmPRtdssZ88ilO1ZuXEdnLABbgEdiM root@ubuntu-xenial
[   14.463754] cloud-init[954]: The key's randomart image is:
[   14.466122] cloud-init[954]: +---[ECDSA 256]---+
[   14.469396] cloud-init[954]: |          E.+ooo.|
[   14.469491] cloud-init[954]: |       . = @oo.. |
[   14.473223] cloud-init[954]: |      o + @.o.* o|
[   14.481638] cloud-init[954]: |     . * * B.B + |
[   14.485124] cloud-init[954]: |      + S * O .  |
[   14.487688] cloud-init[954]: |     . o B + .   |
[   14.494757] cloud-init[954]: |      . + .      |
[   14.498213] cloud-init[954]: |         .       |
[   14.500802] cloud-init[954]: |                 |
[   14.502415] cloud-init[954]: +----[SHA256]-----+
[   14.507521] cloud-init[954]: Generating public/private ed25519 key pair.
[   14.509031] cloud-init[954]: Your identification has been saved in /etc/ssh/ssh_host_ed25519_key.
[   14.514198] cloud-init[954]: Your public key has been saved in /etc/ssh/ssh_host_ed25519_key.pub.
[   14.522912] cloud-init[954]: The key fingerprint is:
[   14.529601] cloud-init[954]: SHA256:doxRhm/AR48vnkVULDHrjKyf7eH6yEvntfHWBE8yGZc root@ubuntu-xenial
[   14.531200] cloud-init[954]: The key's randomart image is:
[   14.547324] cloud-init[954]: +--[ED25519 256]--+
[   14.547417] cloud-init[954]: |       . o+ ++. .|
[   14.547499] cloud-init[954]: |        +o.+.ooE.|
[   14.553231] cloud-init[954]: |        .+. +. + |
[   14.555901] cloud-init[954]: |         =o*  = .|
[   14.567723] cloud-init[954]: |        S.* =  * |
[   14.569457] cloud-init[954]: |       . + +    o|
[   14.571323] cloud-init[954]: |        . + o o..|
[   14.576833] cloud-init[954]: |         + B o +o|
[   14.577519] cloud-init[954]: |          B=* ...|
[   14.577607] cloud-init[954]: +----[SHA256]-----+
[[0;32m  OK  [0m] Listening on ACPID Listen Socket.
[[0;32m  OK  [0m] Reached target Timers.
[[0;32m  OK  [0m] Started ACPI Events Check.
[[0;32m  OK  [0m] Reached target Paths.
[[0;32m  OK  [0m] Reached target Network is Online.
         Starting iSCSI initiator daemon (iscsid)...
[[0;32m  OK  [0m] Reached target Cloud-config availability.
[[0;32m  OK  [0m] Listening on LXD - unix socket.
[[0;32m  OK  [0m] Listening on Socket activation for snappy daemon.
[[0;32m  OK  [0m] Reached target Sockets.
[[0;32m  OK  [0m] Reached target Basic System.
         Starting Snappy daemon...
         Starting Login Service...
         Starting System Logging Service...
[[0;32m  OK  [0m] Started ACPI event daemon.
[[0;32m  OK  [0m] Started D-Bus System Message Bus.
         Starting /etc/rc.local Compatibility...
[[0;32m  OK  [0m] Started Unattended Upgrades Shutdown.
         Starting Virtualbox guest utils...
         Starting LSB: Record successful boot for GRUB...
         Starting LXD - container startup/shutdown...
[[0;32m  OK  [0m] Started Regular background program processing daemon.
         Starting Pollinate to seed the pseudo random number generator...
[[0;32m  OK  [0m] Started FUSE filesystem for LXC.
[[0;32m  OK  [0m] Started Deferred execution scheduler.
         Starting LSB: MD monitoring daemon...
         Starting Accounts Service...
[[0;32m  OK  [0m] Started System Logging Service.
[[0;32m  OK  [0m] Started iSCSI initiator daemon (iscsid).
[[0;32m  OK  [0m] Started /etc/rc.local Compatibility.
         Starting Login to default iSCSI targets...
[[0;32m  OK  [0m] Started Login Service.
[[0;32m  OK  [0m] Started LSB: Record successful boot for GRUB.
         Starting Authenticate and Authorize Users to Run Privileged Tasks...
[[0;32m  OK  [0m] Started LSB: MD monitoring daemon.
[[0;32m  OK  [0m] Started Login to default iSCSI targets.
[[0;32m  OK  [0m] Reached target Remote File Systems (Pre).
[[0;32m  OK  [0m] Reached target Remote File Systems.
         Starting LSB: automatic crash report generation...
         Starting Permit User Sessions...
         Starting LSB: Set the CPU Frequency Scaling governor to "ondemand"...
         Starting LSB: daemon to balance interrupts for SMP systems...
[[0;32m  OK  [0m] Started Snappy daemon.
[[0;32m  OK  [0m] Started Permit User Sessions.
[[0;32m  OK  [0m] Started Authenticate and Authorize Users to Run Privileged Tasks.
[[0;32m  OK  [0m] Started Accounts Service.
         Starting Hold until boot process finishes up...
         Starting Terminate Plymouth Boot Screen...
         Starting Wait until snapd is fully seeded...
[[0;32m  OK  [0m] Started Hold until boot process finishes up.
[[0;32m  OK  [0m] Started Terminate Plymouth Boot Screen.
[[0;32m  OK  [0m] Started Getty on tty1.
[[0;32m  OK  [0m] Started Serial Getty on ttyS0.
[[0;32m  OK  [0m] Reached target Login Prompts.
         Starting Set console scheme...
[[0;32m  OK  [0m] Started Virtualbox guest utils.
[[0;32m  OK  [0m] Started LSB: Set the CPU Frequency Scaling governor to "ondemand".
[[0;32m  OK  [0m] Started Set console scheme.
[[0;32m  OK  [0m] Started LSB: daemon to balance interrupts for SMP systems.
[[0;32m  OK  [0m] Started LSB: automatic crash report generation.
[[0;32m  OK  [0m] Started LXD - container startup/shutdown.
[[0;32m  OK  [0m] Started Pollinate to seed the pseudo random number generator.
         Starting OpenBSD Secure Shell server...
[[0;32m  OK  [0m] Started OpenBSD Secure Shell server.
[[0;32m  OK  [0m] Created slice User Slice of vagrant.
         Starting User Manager for UID 1000...
[[0;32m  OK  [0m] Started Session 1 of user vagrant.
[[0;32m  OK  [0m] Started User Manager for UID 1000.
[[0;32m  OK  [0m] Started Wait until snapd is fully seeded.
         Starting Apply the settings specified in cloud-config...
[[0;32m  OK  [0m] Reached target Multi-User System.
[[0;32m  OK  [0m] Reached target Graphical Interface.
         Starting Update UTMP about System Runlevel Changes...
[[0;32m  OK  [0m] Started Update UTMP about System Runlevel Changes.
[   18.410455] cloud-init[1363]: Generating locales (this might take a while)...
         Stopping User Manager for UID 1000...
[[0;32m  OK  [0m] Stopped User Manager for UID 1000.
[[0;32m  OK  [0m] Removed slice User Slice of vagrant.
[   19.783280] cloud-init[1363]:   en_US.UTF-8... done
[   19.790459] cloud-init[1363]: Generation complete.
[[0;32m  OK  [0m] Created slice User Slice of vagrant.
         Starting User Manager for UID 1000...
[[0;32m  OK  [0m] Started Session 2 of user vagrant.
[[0;32m  OK  [0m] Started User Manager for UID 1000.
[   20.663476] cloud-init[1363]: Cloud-init v. 18.5-45-g3554ffe8-0ubuntu1~16.04.1 running 'modules:config' at Thu, 30 May 2019 08:43:04 +0000. Up 18.15 seconds.
ci-info: no authorized ssh keys fingerprints found for user ubuntu.
<14>May 30 08:43:07 ec2: 
<14>May 30 08:43:07 ec2: #############################################################
<14>May 30 08:43:07 ec2: -----BEGIN SSH HOST KEY FINGERPRINTS-----
<14>May 30 08:43:07 ec2: 1024 SHA256:F3hACjBULktHVoSrpBdmOjNv+T54X/wJeqlBHDdtq2g root@ubuntu-xenial (DSA)
<14>May 30 08:43:07 ec2: 256 SHA256:U6XTahHjwrpdLAmPRtdssZ88ilO1ZuXEdnLABbgEdiM root@ubuntu-xenial (ECDSA)
<14>May 30 08:43:07 ec2: 256 SHA256:doxRhm/AR48vnkVULDHrjKyf7eH6yEvntfHWBE8yGZc root@ubuntu-xenial (ED25519)
<14>May 30 08:43:07 ec2: 2048 SHA256:/CPpi87LJI4NLxNQCvctJFXMPucc1XO6eEpr9nSRJvo root@ubuntu-xenial (RSA)
<14>May 30 08:43:07 ec2: -----END SSH HOST KEY FINGERPRINTS-----
<14>May 30 08:43:07 ec2: #############################################################
-----BEGIN SSH HOST KEY KEYS-----
ecdsa-sha2-nistp256 AAAAE2VjZHNhLXNoYTItbmlzdHAyNTYAAAAIbmlzdHAyNTYAAABBBHjHEaDthtSXOa35QkuaF8rtlPzfWRnDGARIMMAj+zwu7hpYWY67Rp7LSDi7uFwotWhGJPVzzBCqxjnTbhWUV7o= root@ubuntu-xenial
ssh-ed25519 AAAAC3NzaC1lZDI1NTE5AAAAICsNCRYGlSUi2YOLRRlzpWoS61u++/L24ikqL7R6n9tq root@ubuntu-xenial
ssh-rsa AAAAB3NzaC1yc2EAAAADAQABAAABAQDQrHJDz8E4vZzjCv6GpDf692EyNWF54R3EMKlxWkkpskj2ukys7xXZ+BhD6a59s7WgK3cBpQ9k5KDyu7VQETY7H7vARo2wvBKUak/KhChZrbgg1/yowUewtvNpiKCv58CUw5w+gMif6of76BmvaBiL/g2ytYrC0XUbUPtDIh1Z739yEhw1oShKJJ+Cm/dI4/2BTkzA5O0lFiG24kkh8fe1ZTJ1g4k+NztfeeOvM4yoW0ZpqN7LIzO4R+u/R916cPRd3+yXtjGSR75p8OApoknqww0LljnPP5lASlgP+rTX7U1ewvkcGWM2BFTHfs3UzeJoafmT88W6wMZ3OCPpeucn root@ubuntu-xenial
-----END SSH HOST KEY KEYS-----
[   21.323497] cloud-init[1605]: Cloud-init v. 18.5-45-g3554ffe8-0ubuntu1~16.04.1 running 'modules:final' at Thu, 30 May 2019 08:43:07 +0000. Up 21.05 seconds.
[   21.324363] cloud-init[1605]: ci-info: no authorized ssh keys fingerprints found for user ubuntu.
[   21.330696] cloud-init[1605]: Cloud-init v. 18.5-45-g3554ffe8-0ubuntu1~16.04.1 finished at Thu, 30 May 2019 08:43:07 +0000. Datasource DataSourceNoCloud [seed=/dev/sdb][dsmode=net].  Up 21.30 seconds

Ubuntu 16.04.6 LTS ubuntu-xenial ttyS0

ubuntu-xenial login: 