I, [2019-05-29T10:04:37.840383 #1655]  INFO -- default-ubuntu-1804: -----> Creating <default-ubuntu-1804>...
I, [2019-05-29T10:04:37.840578 #1655]  INFO -- default-ubuntu-1804: [Dummy] Create on instance=#<Kitchen::Instance:0x00007f93146b21b0> with state={:my_id=>"default-ubuntu-1804-1559120677"}
I, [2019-05-29T10:04:37.841597 #1655]  INFO -- default-ubuntu-1804: Finished creating <default-ubuntu-1804> (0m0.00s).
I, [2019-05-29T10:04:37.841735 #1655]  INFO -- default-ubuntu-1804: -----> Converging <default-ubuntu-1804>...
I, [2019-05-29T10:04:37.844028 #1655]  INFO -- default-ubuntu-1804: Preparing files for transfer
I, [2019-05-29T10:04:37.844201 #1655]  INFO -- default-ubuntu-1804: Preparing dna.json
I, [2019-05-29T10:04:37.844962 #1655]  INFO -- default-ubuntu-1804: Resolving cookbook dependencies with Berkshelf 7.0.8...
I, [2019-05-29T10:04:45.255944 #1655]  INFO -- default-ubuntu-1804: Removing non-cookbook files before transfer
I, [2019-05-29T10:04:45.282759 #1655]  INFO -- default-ubuntu-1804: Preparing validation.pem
I, [2019-05-29T10:04:45.283343 #1655]  INFO -- default-ubuntu-1804: Preparing client.rb
I, [2019-05-29T10:04:45.289404 #1655]  INFO -- default-ubuntu-1804: [SSH] connection failed, retrying in 1 seconds (#<Errno::ECONNREFUSED: Connection refused - connect(2) for 127.0.0.1:22>)
I, [2019-05-29T10:04:46.296609 #1655]  INFO -- default-ubuntu-1804: [SSH] connection failed, retrying in 1 seconds (#<Errno::ECONNREFUSED: Connection refused - connect(2) for 127.0.0.1:22>)
I, [2019-05-29T10:04:47.303618 #1655]  INFO -- default-ubuntu-1804: [SSH] connection failed, retrying in 1 seconds (#<Errno::ECONNREFUSED: Connection refused - connect(2) for 127.0.0.1:22>)
I, [2019-05-29T10:04:48.310498 #1655]  INFO -- default-ubuntu-1804: [SSH] connection failed, retrying in 1 seconds (#<Errno::ECONNREFUSED: Connection refused - connect(2) for 127.0.0.1:22>)
W, [2019-05-29T10:04:49.314205 #1655]  WARN -- default-ubuntu-1804: [SSH] connection failed, terminating (#<Errno::ECONNREFUSED: Connection refused - connect(2) for 127.0.0.1:22>)
E, [2019-05-29T10:04:49.330983 #1655] ERROR -- default-ubuntu-1804: Converge failed on instance <default-ubuntu-1804>.
E, [2019-05-29T10:04:49.331102 #1655] ERROR -- default-ubuntu-1804: ------Exception-------
E, [2019-05-29T10:04:49.331127 #1655] ERROR -- default-ubuntu-1804: Class: Kitchen::ActionFailed
E, [2019-05-29T10:04:49.331145 #1655] ERROR -- default-ubuntu-1804: Message: SSH session could not be established
E, [2019-05-29T10:04:49.331162 #1655] ERROR -- default-ubuntu-1804: ----------------------
E, [2019-05-29T10:04:49.331178 #1655] ERROR -- default-ubuntu-1804: ------Backtrace-------
E, [2019-05-29T10:04:49.331193 #1655] ERROR -- default-ubuntu-1804: /opt/chefdk/embedded/lib/ruby/gems/2.5.0/gems/test-kitchen-1.24.0/lib/kitchen/provisioner/base.rb:95:in `rescue in call'
E, [2019-05-29T10:04:49.331209 #1655] ERROR -- default-ubuntu-1804: /opt/chefdk/embedded/lib/ruby/gems/2.5.0/gems/test-kitchen-1.24.0/lib/kitchen/provisioner/base.rb:71:in `call'
E, [2019-05-29T10:04:49.331226 #1655] ERROR -- default-ubuntu-1804: /opt/chefdk/embedded/lib/ruby/gems/2.5.0/gems/test-kitchen-1.24.0/lib/kitchen/instance.rb:408:in `block in converge_action'
E, [2019-05-29T10:04:49.331242 #1655] ERROR -- default-ubuntu-1804: /opt/chefdk/embedded/lib/ruby/gems/2.5.0/gems/test-kitchen-1.24.0/lib/kitchen/instance.rb:551:in `synchronize_or_call'
E, [2019-05-29T10:04:49.331258 #1655] ERROR -- default-ubuntu-1804: /opt/chefdk/embedded/lib/ruby/gems/2.5.0/gems/test-kitchen-1.24.0/lib/kitchen/instance.rb:513:in `block in action'
E, [2019-05-29T10:04:49.331275 #1655] ERROR -- default-ubuntu-1804: /opt/chefdk/embedded/lib/ruby/2.5.0/benchmark.rb:293:in `measure'
E, [2019-05-29T10:04:49.331291 #1655] ERROR -- default-ubuntu-1804: /opt/chefdk/embedded/lib/ruby/gems/2.5.0/gems/test-kitchen-1.24.0/lib/kitchen/instance.rb:512:in `action'
E, [2019-05-29T10:04:49.331307 #1655] ERROR -- default-ubuntu-1804: /opt/chefdk/embedded/lib/ruby/gems/2.5.0/gems/test-kitchen-1.24.0/lib/kitchen/instance.rb:404:in `converge_action'
E, [2019-05-29T10:04:49.331323 #1655] ERROR -- default-ubuntu-1804: /opt/chefdk/embedded/lib/ruby/gems/2.5.0/gems/test-kitchen-1.24.0/lib/kitchen/instance.rb:382:in `block (2 levels) in transition_to'
E, [2019-05-29T10:04:49.331355 #1655] ERROR -- default-ubuntu-1804: /opt/chefdk/embedded/lib/ruby/gems/2.5.0/gems/test-kitchen-1.24.0/lib/kitchen/lifecycle_hooks.rb:45:in `run_with_hooks'
E, [2019-05-29T10:04:49.331374 #1655] ERROR -- default-ubuntu-1804: /opt/chefdk/embedded/lib/ruby/gems/2.5.0/gems/test-kitchen-1.24.0/lib/kitchen/instance.rb:381:in `block in transition_to'
E, [2019-05-29T10:04:49.331390 #1655] ERROR -- default-ubuntu-1804: /opt/chefdk/embedded/lib/ruby/gems/2.5.0/gems/test-kitchen-1.24.0/lib/kitchen/instance.rb:380:in `each'
E, [2019-05-29T10:04:49.331406 #1655] ERROR -- default-ubuntu-1804: /opt/chefdk/embedded/lib/ruby/gems/2.5.0/gems/test-kitchen-1.24.0/lib/kitchen/instance.rb:380:in `transition_to'
E, [2019-05-29T10:04:49.331423 #1655] ERROR -- default-ubuntu-1804: /opt/chefdk/embedded/lib/ruby/gems/2.5.0/gems/test-kitchen-1.24.0/lib/kitchen/instance.rb:140:in `converge'
E, [2019-05-29T10:04:49.331439 #1655] ERROR -- default-ubuntu-1804: /opt/chefdk/embedded/lib/ruby/gems/2.5.0/gems/test-kitchen-1.24.0/lib/kitchen/command.rb:197:in `public_send'
E, [2019-05-29T10:04:49.331541 #1655] ERROR -- default-ubuntu-1804: /opt/chefdk/embedded/lib/ruby/gems/2.5.0/gems/test-kitchen-1.24.0/lib/kitchen/command.rb:197:in `run_action_in_thread'
E, [2019-05-29T10:04:49.331560 #1655] ERROR -- default-ubuntu-1804: /opt/chefdk/embedded/lib/ruby/gems/2.5.0/gems/test-kitchen-1.24.0/lib/kitchen/command.rb:169:in `block (2 levels) in run_action'
E, [2019-05-29T10:04:49.331577 #1655] ERROR -- default-ubuntu-1804: /opt/chefdk/embedded/lib/ruby/gems/2.5.0/gems/logging-2.2.2/lib/logging/diagnostic_context.rb:474:in `block in create_with_logging_context'
E, [2019-05-29T10:04:49.331593 #1655] ERROR -- default-ubuntu-1804: ----End Backtrace-----
E, [2019-05-29T10:04:49.331609 #1655] ERROR -- default-ubuntu-1804: ---Nested Exception---
E, [2019-05-29T10:04:49.331624 #1655] ERROR -- default-ubuntu-1804: Class: Kitchen::Transport::SshFailed
E, [2019-05-29T10:04:49.331640 #1655] ERROR -- default-ubuntu-1804: Message: SSH session could not be established
E, [2019-05-29T10:04:49.331655 #1655] ERROR -- default-ubuntu-1804: ----------------------
E, [2019-05-29T10:04:49.331670 #1655] ERROR -- default-ubuntu-1804: ------Backtrace-------
E, [2019-05-29T10:04:49.331685 #1655] ERROR -- default-ubuntu-1804: /opt/chefdk/embedded/lib/ruby/gems/2.5.0/gems/test-kitchen-1.24.0/lib/kitchen/provisioner/base.rb:95:in `rescue in call'
E, [2019-05-29T10:04:49.331702 #1655] ERROR -- default-ubuntu-1804: /opt/chefdk/embedded/lib/ruby/gems/2.5.0/gems/test-kitchen-1.24.0/lib/kitchen/provisioner/base.rb:71:in `call'
E, [2019-05-29T10:04:49.331718 #1655] ERROR -- default-ubuntu-1804: /opt/chefdk/embedded/lib/ruby/gems/2.5.0/gems/test-kitchen-1.24.0/lib/kitchen/instance.rb:408:in `block in converge_action'
E, [2019-05-29T10:04:49.331734 #1655] ERROR -- default-ubuntu-1804: /opt/chefdk/embedded/lib/ruby/gems/2.5.0/gems/test-kitchen-1.24.0/lib/kitchen/instance.rb:551:in `synchronize_or_call'
E, [2019-05-29T10:04:49.331750 #1655] ERROR -- default-ubuntu-1804: /opt/chefdk/embedded/lib/ruby/gems/2.5.0/gems/test-kitchen-1.24.0/lib/kitchen/instance.rb:513:in `block in action'
E, [2019-05-29T10:04:49.331766 #1655] ERROR -- default-ubuntu-1804: /opt/chefdk/embedded/lib/ruby/2.5.0/benchmark.rb:293:in `measure'
E, [2019-05-29T10:04:49.331782 #1655] ERROR -- default-ubuntu-1804: /opt/chefdk/embedded/lib/ruby/gems/2.5.0/gems/test-kitchen-1.24.0/lib/kitchen/instance.rb:512:in `action'
E, [2019-05-29T10:04:49.331798 #1655] ERROR -- default-ubuntu-1804: /opt/chefdk/embedded/lib/ruby/gems/2.5.0/gems/test-kitchen-1.24.0/lib/kitchen/instance.rb:404:in `converge_action'
E, [2019-05-29T10:04:49.331814 #1655] ERROR -- default-ubuntu-1804: /opt/chefdk/embedded/lib/ruby/gems/2.5.0/gems/test-kitchen-1.24.0/lib/kitchen/instance.rb:382:in `block (2 levels) in transition_to'
E, [2019-05-29T10:04:49.331830 #1655] ERROR -- default-ubuntu-1804: /opt/chefdk/embedded/lib/ruby/gems/2.5.0/gems/test-kitchen-1.24.0/lib/kitchen/lifecycle_hooks.rb:45:in `run_with_hooks'
E, [2019-05-29T10:04:49.331860 #1655] ERROR -- default-ubuntu-1804: /opt/chefdk/embedded/lib/ruby/gems/2.5.0/gems/test-kitchen-1.24.0/lib/kitchen/instance.rb:381:in `block in transition_to'
E, [2019-05-29T10:04:49.331877 #1655] ERROR -- default-ubuntu-1804: /opt/chefdk/embedded/lib/ruby/gems/2.5.0/gems/test-kitchen-1.24.0/lib/kitchen/instance.rb:380:in `each'
E, [2019-05-29T10:04:49.331893 #1655] ERROR -- default-ubuntu-1804: /opt/chefdk/embedded/lib/ruby/gems/2.5.0/gems/test-kitchen-1.24.0/lib/kitchen/instance.rb:380:in `transition_to'
E, [2019-05-29T10:04:49.331909 #1655] ERROR -- default-ubuntu-1804: /opt/chefdk/embedded/lib/ruby/gems/2.5.0/gems/test-kitchen-1.24.0/lib/kitchen/instance.rb:140:in `converge'
E, [2019-05-29T10:04:49.331925 #1655] ERROR -- default-ubuntu-1804: /opt/chefdk/embedded/lib/ruby/gems/2.5.0/gems/test-kitchen-1.24.0/lib/kitchen/command.rb:197:in `public_send'
E, [2019-05-29T10:04:49.331941 #1655] ERROR -- default-ubuntu-1804: /opt/chefdk/embedded/lib/ruby/gems/2.5.0/gems/test-kitchen-1.24.0/lib/kitchen/command.rb:197:in `run_action_in_thread'
E, [2019-05-29T10:04:49.331957 #1655] ERROR -- default-ubuntu-1804: /opt/chefdk/embedded/lib/ruby/gems/2.5.0/gems/test-kitchen-1.24.0/lib/kitchen/command.rb:169:in `block (2 levels) in run_action'
E, [2019-05-29T10:04:49.331973 #1655] ERROR -- default-ubuntu-1804: /opt/chefdk/embedded/lib/ruby/gems/2.5.0/gems/logging-2.2.2/lib/logging/diagnostic_context.rb:474:in `block in create_with_logging_context'
E, [2019-05-29T10:04:49.331989 #1655] ERROR -- default-ubuntu-1804: ----End Backtrace-----
